2019-11-09T21:43:06.164 [main] INFO Starting PennyWiserApplication on Chens-MBP with PID 1934 (/Users/ccl/Desktop/pennywiser/target/classes started by ccl in /Users/ccl/Desktop/pennywiser)
2019-11-09T21:43:06.171 [main] INFO No active profile set, falling back to default profiles: default
2019-11-09T21:43:08.529 [main] INFO Started PennyWiserApplication in 2.761 seconds (JVM running for 3.461)
2019-11-09T21:43:08.531 [main] INFO Starting User Service Microservice...
2019-11-09T22:19:13.832 [main] INFO Starting PennyWiserApplication on Chens-MBP with PID 2512 (/Users/ccl/Desktop/pennywiser/target/classes started by ccl in /Users/ccl/Desktop/pennywiser)
2019-11-09T22:19:13.868 [main] INFO No active profile set, falling back to default profiles: default
2019-11-09T22:19:16.440 [main] INFO Started PennyWiserApplication in 3.094 seconds (JVM running for 3.911)
2019-11-09T22:19:16.441 [main] INFO Started User Service Microservice...
2019-11-09T22:20:59.758 [main] INFO Starting PennyWiserApplication on Chens-MBP with PID 2567 (/Users/ccl/Desktop/pennywiser/target/classes started by ccl in /Users/ccl/Desktop/pennywiser)
2019-11-09T22:20:59.765 [main] INFO No active profile set, falling back to default profiles: default
2019-11-09T22:21:02.396 [main] INFO Started PennyWiserApplication in 3.027 seconds (JVM running for 3.767)
2019-11-09T22:21:02.398 [main] INFO Started User Service Microservice...
2019-11-09T22:21:17.357 [http-nio-8080-exec-2] ERROR User with email: test15@example.com already exist.
2019-11-09T22:21:36.878 [http-nio-8080-exec-4] INFO Created new user: User(id=null, externalId=UR-508AB0ED, email=test16@example.com, firstName=Jesus, lastName=Christ, password=$2a$10$57QZA1jvbuC6kw1UNGi9rOLCdXDrq5U7u4VDfcWRaJ2HSAGhr6BAi)
2019-11-09T22:22:21.896 [http-nio-8080-exec-5] ERROR Unable to find user with externalId: UR-
2019-11-09T22:23:16.371 [http-nio-8080-exec-9] ERROR Unable to find user with externalId: UR-508AB0E
2019-11-09T22:26:58.440 [main] INFO Starting PennyWiserApplication on Chens-MBP with PID 2625 (/Users/ccl/Desktop/pennywiser/target/classes started by ccl in /Users/ccl/Desktop/pennywiser)
2019-11-09T22:26:58.447 [main] INFO No active profile set, falling back to default profiles: default
2019-11-09T22:27:00.938 [main] INFO Started PennyWiserApplication in 2.853 seconds (JVM running for 3.587)
2019-11-09T22:27:00.940 [main] INFO Started User Service Microservice...
2019-11-09T22:27:07.918 [http-nio-8080-exec-1] WARN Invalid token.
2019-11-09T22:28:38.238 [http-nio-8080-exec-5] ERROR Unable to find user with externalId: UR-508AB0E
2019-11-09T22:28:41.059 [http-nio-8080-exec-7] ERROR Unable to find user with externalId: UR-508AB0E
